2021/06/28 20:30:47 Morph Opened: idx=0 serial=SM01174915280 firmware=0.19.42 suceeded
2021/06/28 20:30:49 cursor 0 down 0.614453 0.941076 0.079667 132.000000
2021/06/28 20:30:49 cursor 0 drag 0.614453 0.941076 0.090750 187.000000
2021/06/28 20:30:49 cursor 0 drag 0.614453 0.941076 0.092083 192.000000
2021/06/28 20:30:49 cursor 0 drag 0.614453 0.941076 0.093083 193.000000
2021/06/28 20:30:49 cursor 0 drag 0.614453 0.941076 0.102417 200.000000
2021/06/28 20:30:49 cursor 0 drag 0.614334 0.940745 0.120167 200.000000
2021/06/28 20:30:49 cursor 0 drag 0.614198 0.940234 0.133583 200.000000
2021/06/28 20:30:49 cursor 0 drag 0.614029 0.939724 0.140333 200.000000
2021/06/28 20:30:49 cursor 0 drag 0.613859 0.939213 0.145000 200.000000
2021/06/28 20:30:49 cursor 0 drag 0.613672 0.938672 0.145833 200.000000
2021/06/28 20:30:49 cursor 0 drag 0.613485 0.938191 0.144833 200.000000
2021/06/28 20:30:49 cursor 0 drag 0.613281 0.937680 0.143500 200.000000
2021/06/28 20:30:49 cursor 0 drag 0.613077 0.937200 0.141167 200.000000
2021/06/28 20:30:49 cursor 0 drag 0.612874 0.936749 0.138917 204.000000
2021/06/28 20:30:49 cursor 0 drag 0.612653 0.936358 0.136667 203.000000
2021/06/28 20:30:49 cursor 0 drag 0.612432 0.935968 0.134583 203.000000
2021/06/28 20:30:49 cursor 0 drag 0.612228 0.935607 0.132417 204.000000
2021/06/28 20:30:49 cursor 0 drag 0.612024 0.935246 0.129667 203.000000
2021/06/28 20:30:49 cursor 0 drag 0.611821 0.934916 0.125167 201.000000
2021/06/28 20:30:49 cursor 0 drag 0.611600 0.934585 0.120333 200.000000
2021/06/28 20:30:49 cursor 0 drag 0.611396 0.934255 0.114250 196.000000
2021/06/28 20:30:49 cursor 0 drag 0.611209 0.933954 0.107750 190.000000
2021/06/28 20:30:49 cursor 0 drag 0.610988 0.933594 0.101250 185.000000
2021/06/28 20:30:49 cursor 0 drag 0.610802 0.933263 0.094250 176.000000
2021/06/28 20:30:49 cursor 0 drag 0.610632 0.932963 0.087417 175.000000
2021/06/28 20:30:49 cursor 0 drag 0.610496 0.932722 0.079333 171.000000
2021/06/28 20:30:49 cursor 0 drag 0.610377 0.932542 0.070667 162.000000
2021/06/28 20:30:49 cursor 0 drag 0.610309 0.932422 0.062750 153.000000
2021/06/28 20:30:49 cursor 0 drag 0.610258 0.932362 0.055333 145.000000
2021/06/28 20:30:49 cursor 0 drag 0.610241 0.932332 0.048667 139.000000
2021/06/28 20:30:49 cursor 0 drag 0.610156 0.932272 0.042083 125.000000
2021/06/28 20:30:49 cursor 0 drag 0.610088 0.932242 0.036083 114.000000
2021/06/28 20:30:49 cursor 0 drag 0.609986 0.932212 0.030917 106.000000
2021/06/28 20:30:49 cursor 0 drag 0.609800 0.932151 0.025833 87.000000
2021/06/28 20:30:49 cursor 0 drag 0.609528 0.932121 0.021583 76.000000
2021/06/28 20:30:49 cursor 0 drag 0.609222 0.932061 0.018000 73.000000
2021/06/28 20:30:49 cursor 0 drag 0.608967 0.931941 0.014500 45.000000
2021/06/28 20:30:49 cursor 0 up 0.608967 0.931941 0.014500 45.000000
2021/06/28 20:30:49 cursor 0 down 0.650493 0.744081 0.013250 71.000000
2021/06/28 20:30:49 cursor 0 drag 0.650493 0.744081 0.041333 184.000000
2021/06/28 20:30:49 cursor 0 drag 0.650493 0.744081 0.057417 190.000000
2021/06/28 20:30:49 cursor 0 drag 0.650493 0.744081 0.060583 184.000000
2021/06/28 20:30:49 cursor 0 drag 0.650493 0.744081 0.064417 187.000000
2021/06/28 20:30:49 cursor 0 drag 0.650493 0.744081 0.071333 190.000000
2021/06/28 20:30:49 cursor 0 drag 0.650493 0.744081 0.077583 201.000000
2021/06/28 20:30:49 cursor 0 drag 0.650493 0.744081 0.083083 201.000000
2021/06/28 20:30:49 cursor 0 drag 0.650493 0.744081 0.085917 203.000000
2021/06/28 20:30:49 cursor 0 drag 0.650493 0.744081 0.085333 200.000000
2021/06/28 20:30:49 cursor 0 drag 0.650493 0.744141 0.082833 187.000000
2021/06/28 20:30:49 cursor 0 drag 0.650543 0.744231 0.080167 185.000000
2021/06/28 20:30:49 cursor 0 drag 0.650594 0.744321 0.077250 181.000000
2021/06/28 20:30:49 cursor 0 drag 0.650645 0.744411 0.074333 178.000000
2021/06/28 20:30:49 cursor 0 drag 0.650696 0.744471 0.071167 175.000000
2021/06/28 20:30:49 cursor 0 drag 0.650764 0.744531 0.066833 162.000000
2021/06/28 20:30:49 cursor 0 drag 0.650849 0.744591 0.062083 153.000000
2021/06/28 20:30:49 cursor 0 drag 0.650900 0.744591 0.056750 142.000000
2021/06/28 20:30:49 cursor 0 drag 0.650934 0.744591 0.052167 134.000000
2021/06/28 20:30:49 cursor 0 drag 0.651019 0.744591 0.047667 125.000000
2021/06/28 20:30:49 cursor 0 drag 0.651121 0.744561 0.043250 109.000000
2021/06/28 20:30:49 cursor 0 drag 0.651291 0.744501 0.039000 103.000000
2021/06/28 20:30:49 cursor 0 drag 0.651427 0.744441 0.035083 101.000000
2021/06/28 20:30:49 cursor 0 drag 0.651529 0.744381 0.031250 78.000000
2021/06/28 20:30:49 cursor 0 drag 0.651681 0.744321 0.027500 68.000000
2021/06/28 20:30:49 cursor 0 drag 0.651936 0.744321 0.023083 46.000000
2021/06/28 20:30:49 cursor 0 up 0.651936 0.744321 0.023083 46.000000
2021/06/28 20:30:50 cursor 0 down 0.578414 0.882001 0.009250 81.000000
2021/06/28 20:30:50 cursor 0 drag 0.578414 0.882001 0.025583 168.000000
2021/06/28 20:30:50 cursor 0 drag 0.578414 0.882001 0.038083 181.000000
2021/06/28 20:30:50 cursor 0 drag 0.578414 0.882001 0.044250 179.000000
2021/06/28 20:30:50 cursor 0 drag 0.578414 0.882001 0.050583 181.000000
2021/06/28 20:30:50 cursor 0 drag 0.578414 0.882001 0.058000 182.000000
2021/06/28 20:30:50 cursor 0 drag 0.578414 0.882001 0.065333 182.000000
2021/06/28 20:30:50 cursor 0 drag 0.578414 0.882001 0.072083 184.000000
2021/06/28 20:30:50 cursor 0 drag 0.578414 0.882001 0.077500 184.000000
2021/06/28 20:30:50 cursor 0 drag 0.578414 0.882001 0.081583 185.000000
2021/06/28 20:30:50 cursor 0 drag 0.578465 0.881821 0.084333 185.000000
2021/06/28 20:30:50 cursor 0 drag 0.578516 0.881611 0.085333 185.000000
2021/06/28 20:30:50 cursor 0 drag 0.578584 0.881430 0.085000 185.000000
2021/06/28 20:30:50 cursor 0 drag 0.578618 0.881280 0.083917 185.000000
2021/06/28 20:30:50 cursor 0 drag 0.578668 0.881130 0.081667 184.000000
2021/06/28 20:30:50 cursor 0 drag 0.578702 0.881010 0.079250 182.000000
2021/06/28 20:30:50 cursor 0 drag 0.578736 0.880919 0.076500 173.000000
2021/06/28 20:30:50 cursor 0 drag 0.578770 0.880769 0.073833 171.000000
2021/06/28 20:30:50 cursor 0 drag 0.578804 0.880649 0.071000 170.000000
2021/06/28 20:30:50 cursor 0 drag 0.578821 0.880499 0.067417 170.000000
2021/06/28 20:30:50 cursor 0 drag 0.578855 0.880319 0.063333 168.000000
2021/06/28 20:30:50 cursor 0 drag 0.578889 0.880078 0.058750 165.000000
2021/06/28 20:30:50 cursor 0 drag 0.578923 0.879928 0.053917 164.000000
2021/06/28 20:30:50 cursor 0 drag 0.578940 0.879838 0.049000 153.000000
2021/06/28 20:30:50 cursor 0 drag 0.578940 0.879778 0.044417 146.000000
2021/06/28 20:30:50 cursor 0 drag 0.578940 0.879718 0.040333 143.000000
2021/06/28 20:30:50 cursor 0 drag 0.578940 0.879657 0.036917 143.000000
2021/06/28 20:30:50 cursor 1 down 0.658916 0.718450 0.016083 100.000000
2021/06/28 20:30:50 cursor 0 drag 0.578940 0.879627 0.031833 93.000000
2021/06/28 20:30:50 cursor 1 drag 0.658916 0.718450 0.042000 159.000000
2021/06/28 20:30:50 cursor 0 drag 0.578957 0.879357 0.026833 56.000000
2021/06/28 20:30:50 cursor 1 drag 0.658916 0.718450 0.050583 142.000000
2021/06/28 20:30:50 cursor 0 up 0.578957 0.879357 0.026833 56.000000
2021/06/28 20:30:50 cursor 1 drag 0.658916 0.718450 0.051083 131.000000
2021/06/28 20:30:50 cursor 1 drag 0.658916 0.718450 0.052417 132.000000
2021/06/28 20:30:50 cursor 1 drag 0.658916 0.718450 0.056333 143.000000
2021/06/28 20:30:50 cursor 1 drag 0.658916 0.718450 0.063000 160.000000
2021/06/28 20:30:50 cursor 1 drag 0.659069 0.718179 0.071000 170.000000
2021/06/28 20:30:50 cursor 1 drag 0.659222 0.717879 0.077500 173.000000
2021/06/28 20:30:50 cursor 1 drag 0.659341 0.717578 0.081750 175.000000
2021/06/28 20:30:50 cursor 1 drag 0.659460 0.717308 0.084167 175.000000
2021/06/28 20:30:50 cursor 1 drag 0.659579 0.717007 0.084917 171.000000
2021/06/28 20:30:50 cursor 1 drag 0.659664 0.716737 0.083750 168.000000
2021/06/28 20:30:50 cursor 1 drag 0.659749 0.716496 0.081583 164.000000
2021/06/28 20:30:50 cursor 1 drag 0.659834 0.716226 0.078583 145.000000
2021/06/28 20:30:50 cursor 1 drag 0.659885 0.716076 0.075667 126.000000
2021/06/28 20:30:50 cursor 1 drag 0.659918 0.715986 0.068000 107.000000
2021/06/28 20:30:50 cursor 1 drag 0.659918 0.715986 0.056917 100.000000
2021/06/28 20:30:50 cursor 1 up 0.659918 0.715986 0.056917 100.000000
2021/06/28 20:30:50 cursor 0 down 0.588740 0.826953 0.143833 196.000000
2021/06/28 20:30:50 cursor 0 drag 0.588740 0.826953 0.145083 210.000000
2021/06/28 20:30:50 cursor 0 drag 0.588740 0.826953 0.140167 209.000000
2021/06/28 20:30:50 cursor 0 drag 0.588740 0.826953 0.136083 209.000000
2021/06/28 20:30:50 cursor 0 drag 0.588740 0.826953 0.135917 210.000000
2021/06/28 20:30:50 cursor 0 drag 0.588740 0.826953 0.139750 212.000000
2021/06/28 20:30:50 cursor 0 drag 0.588740 0.826953 0.144833 212.000000
2021/06/28 20:30:50 cursor 0 drag 0.588740 0.826953 0.148083 212.000000
2021/06/28 20:30:50 cursor 0 drag 0.588740 0.826953 0.150417 212.000000
2021/06/28 20:30:50 cursor 0 drag 0.588740 0.826953 0.150500 212.000000
2021/06/28 20:30:50 cursor 0 drag 0.588740 0.826953 0.147750 212.000000
2021/06/28 20:30:50 cursor 0 drag 0.588740 0.826953 0.140750 207.000000
2021/06/28 20:30:50 cursor 0 drag 0.588740 0.826953 0.126833 200.000000
2021/06/28 20:30:50 cursor 0 drag 0.588740 0.826953 0.110250 195.000000
2021/06/28 20:30:50 cursor 0 drag 0.588706 0.826683 0.090917 165.000000
2021/06/28 20:30:50 cursor 0 drag 0.588689 0.826472 0.071167 154.000000
2021/06/28 20:30:50 cursor 0 drag 0.588689 0.826412 0.051417 120.000000
2021/06/28 20:30:50 cursor 0 drag 0.588689 0.826412 0.035000 65.000000
2021/06/28 20:30:50 cursor 0 up 0.588689 0.826412 0.035000 65.000000
2021/06/28 20:30:50 cursor 0 down 0.608882 0.815895 0.433167 234.000000
2021/06/28 20:30:50 cursor 0 drag 0.608882 0.815895 0.397667 232.000000
2021/06/28 20:30:50 cursor 0 drag 0.608882 0.815895 0.270083 201.000000
2021/06/28 20:30:50 cursor 0 drag 0.608882 0.815895 0.239667 201.000000
2021/06/28 20:30:50 cursor 0 drag 0.608815 0.815865 0.241583 203.000000
2021/06/28 20:30:50 cursor 0 drag 0.608526 0.815685 0.241333 204.000000
2021/06/28 20:30:50 cursor 0 drag 0.608254 0.815505 0.234167 206.000000
2021/06/28 20:30:50 cursor 0 drag 0.608016 0.815325 0.217000 206.000000
2021/06/28 20:30:50 cursor 0 drag 0.607846 0.815234 0.191167 207.000000
2021/06/28 20:30:50 cursor 0 drag 0.607694 0.815144 0.158583 207.000000
2021/06/28 20:30:50 cursor 0 drag 0.607626 0.815114 0.122417 198.000000
2021/06/28 20:30:50 cursor 0 drag 0.607592 0.815084 0.083000 187.000000
2021/06/28 20:30:50 cursor 0 drag 0.607507 0.815024 0.057000 171.000000
2021/06/28 20:30:50 cursor 0 drag 0.607490 0.815024 0.038167 146.000000
2021/06/28 20:30:50 cursor 0 drag 0.607490 0.815024 0.023750 110.000000
2021/06/28 20:30:50 cursor 0 drag 0.607490 0.815024 0.012417 35.000000
2021/06/28 20:30:50 cursor 0 up 0.607490 0.815024 0.012417 35.000000
exit status 3221225786
